
=== Mon Feb  7 15:58:18 2022

Packages were changed.
Update Mode: mergeDefaultDependencies

The following packages were 追加済:
  com.unity.collab-proxy@1.14.4
  com.unity.ide.rider@1.2.1
  com.unity.ide.visualstudio@2.0.12
  com.unity.ide.vscode@1.2.4
  com.unity.modules.ai@1.0.0
  com.unity.modules.androidjni@1.0.0
  com.unity.modules.animation@1.0.0
  com.unity.modules.assetbundle@1.0.0
  com.unity.modules.audio@1.0.0
  com.unity.modules.cloth@1.0.0
  com.unity.modules.director@1.0.0
  com.unity.modules.imageconversion@1.0.0
  com.unity.modules.imgui@1.0.0
  com.unity.modules.jsonserialize@1.0.0
  com.unity.modules.particlesystem@1.0.0
  com.unity.modules.physics@1.0.0
  com.unity.modules.physics2d@1.0.0
  com.unity.modules.screencapture@1.0.0
  com.unity.modules.terrain@1.0.0
  com.unity.modules.terrainphysics@1.0.0
  com.unity.modules.tilemap@1.0.0
  com.unity.modules.ui@1.0.0
  com.unity.modules.uielements@1.0.0
  com.unity.modules.umbra@1.0.0
  com.unity.modules.unityanalytics@1.0.0
  com.unity.modules.unitywebrequest@1.0.0
  com.unity.modules.unitywebrequestassetbundle@1.0.0
  com.unity.modules.unitywebrequestaudio@1.0.0
  com.unity.modules.unitywebrequesttexture@1.0.0
  com.unity.modules.unitywebrequestwww@1.0.0
  com.unity.modules.vehicles@1.0.0
  com.unity.modules.video@1.0.0
  com.unity.modules.vr@1.0.0
  com.unity.modules.wind@1.0.0
  com.unity.modules.xr@1.0.0
  com.unity.test-framework@1.1.29
  com.unity.textmeshpro@2.1.6
  com.unity.timeline@1.2.18
  com.unity.ugui@1.0.0
The following packages were 更新済:
  com.unity.2d.animation をバージョン 3.2.4 から 3.2.14 へ
  com.unity.2d.pixel-perfect をバージョン 2.0.4 から 2.1.0 へ
  com.unity.2d.psdimporter をバージョン 2.1.5 から 2.1.10 へ
  com.unity.2d.spriteshape をバージョン 3.0.13 から 3.0.17 へ

=== Mon Feb  7 15:58:55 2022

Packages were changed.
Update Mode: updateDependencies

The following packages were 追加済:
  com.unity.ads@3.7.5
  com.unity.analytics@3.6.12
  com.unity.multiplayer-hlapi@1.0.8
  com.unity.purchasing@4.1.1
  com.unity.xr.legacyinputhelpers@2.1.8
